2021-12-26 22:36:19.228  INFO 15252 --- [main] c.r.caseclothes.CaseClothesApplication   : Starting CaseClothesApplication using Java 17 on MSI-Jymm with PID 15252 (D:\Curriculum-211018-Jymm\project-2-Team-Not-Found\case-clothes\target\classes started by jymmm in D:\Curriculum-211018-Jymm\project-2-Team-Not-Found\case-clothes)
2021-12-26 22:36:19.230  INFO 15252 --- [main] c.r.caseclothes.CaseClothesApplication   : No active profile set, falling back to default profiles: default
2021-12-26 22:36:19.687  INFO 15252 --- [main] .s.d.r.c.RepositoryConfigurationDelegate : Bootstrapping Spring Data JPA repositories in DEFAULT mode.
2021-12-26 22:36:19.698  INFO 15252 --- [main] .s.d.r.c.RepositoryConfigurationDelegate : Finished Spring Data repository scanning in 5 ms. Found 0 JPA repository interfaces.
2021-12-26 22:36:20.066  INFO 15252 --- [main] o.s.b.w.embedded.tomcat.TomcatWebServer  : Tomcat initialized with port(s): 8080 (http)
2021-12-26 22:36:20.073  INFO 15252 --- [main] o.apache.catalina.core.StandardService   : Starting service [Tomcat]
2021-12-26 22:36:20.073  INFO 15252 --- [main] org.apache.catalina.core.StandardEngine  : Starting Servlet engine: [Apache Tomcat/9.0.55]
2021-12-26 22:36:20.141  INFO 15252 --- [main] o.a.c.c.C.[Tomcat].[localhost].[/]       : Initializing Spring embedded WebApplicationContext
2021-12-26 22:36:20.141  INFO 15252 --- [main] w.s.c.ServletWebServerApplicationContext : Root WebApplicationContext: initialization completed in 876 ms
2021-12-26 22:36:20.281  INFO 15252 --- [main] o.hibernate.jpa.internal.util.LogHelper  : HHH000204: Processing PersistenceUnitInfo [name: default]
2021-12-26 22:36:20.322  INFO 15252 --- [main] org.hibernate.Version                    : HHH000412: Hibernate ORM core version 5.6.1.Final
2021-12-26 22:36:20.442  INFO 15252 --- [main] o.hibernate.annotations.common.Version   : HCANN000001: Hibernate Commons Annotations {5.1.2.Final}
2021-12-26 22:36:20.521  INFO 15252 --- [main] com.zaxxer.hikari.HikariDataSource       : HikariPool-1 - Starting...
2021-12-26 22:36:22.143  INFO 15252 --- [main] com.zaxxer.hikari.HikariDataSource       : HikariPool-1 - Start completed.
2021-12-26 22:36:22.171  INFO 15252 --- [main] org.hibernate.dialect.Dialect            : HHH000400: Using dialect: org.hibernate.dialect.PostgreSQLDialect
2021-12-26 22:36:23.900  INFO 15252 --- [main] o.h.e.t.j.p.i.JtaPlatformInitiator       : HHH000490: Using JtaPlatform implementation: [org.hibernate.engine.transaction.jta.platform.internal.NoJtaPlatform]
2021-12-26 22:36:23.915  INFO 15252 --- [main] j.LocalContainerEntityManagerFactoryBean : Initialized JPA EntityManagerFactory for persistence unit 'default'
2021-12-26 22:36:24.119  WARN 15252 --- [main] JpaBaseConfiguration$JpaWebConfiguration : spring.jpa.open-in-view is enabled by default. Therefore, database queries may be performed during view rendering. Explicitly configure spring.jpa.open-in-view to disable this warning
2021-12-26 22:36:24.892  INFO 15252 --- [main] o.s.b.w.embedded.tomcat.TomcatWebServer  : Tomcat started on port(s): 8080 (http) with context path ''
2021-12-26 22:36:24.919  INFO 15252 --- [main] c.r.caseclothes.CaseClothesApplication   : Started CaseClothesApplication in 5.962 seconds (JVM running for 6.682)
2021-12-26 22:36:34.618  INFO 15252 --- [RMI TCP Connection(2)-127.0.0.1] inMXBeanRegistrar$SpringApplicationAdmin : Application shutdown requested.
2021-12-26 22:36:34.637  INFO 15252 --- [RMI TCP Connection(2)-127.0.0.1] j.LocalContainerEntityManagerFactoryBean : Closing JPA EntityManagerFactory for persistence unit 'default'
2021-12-26 22:36:34.639  INFO 15252 --- [RMI TCP Connection(2)-127.0.0.1] com.zaxxer.hikari.HikariDataSource       : HikariPool-1 - Shutdown initiated...
2021-12-26 22:36:34.643  INFO 15252 --- [RMI TCP Connection(2)-127.0.0.1] com.zaxxer.hikari.HikariDataSource       : HikariPool-1 - Shutdown completed.
2021-12-26 22:36:40.219  INFO 18424 --- [main] c.r.caseclothes.CaseClothesApplication   : Starting CaseClothesApplication using Java 17 on MSI-Jymm with PID 18424 (D:\Curriculum-211018-Jymm\project-2-Team-Not-Found\case-clothes\target\classes started by jymmm in D:\Curriculum-211018-Jymm\project-2-Team-Not-Found\case-clothes)
2021-12-26 22:36:40.221  INFO 18424 --- [main] c.r.caseclothes.CaseClothesApplication   : No active profile set, falling back to default profiles: default
2021-12-26 22:36:40.693  INFO 18424 --- [main] .s.d.r.c.RepositoryConfigurationDelegate : Bootstrapping Spring Data JPA repositories in DEFAULT mode.
2021-12-26 22:36:40.706  INFO 18424 --- [main] .s.d.r.c.RepositoryConfigurationDelegate : Finished Spring Data repository scanning in 5 ms. Found 0 JPA repository interfaces.
2021-12-26 22:36:41.097  INFO 18424 --- [main] o.s.b.w.embedded.tomcat.TomcatWebServer  : Tomcat initialized with port(s): 8080 (http)
2021-12-26 22:36:41.104  INFO 18424 --- [main] o.apache.catalina.core.StandardService   : Starting service [Tomcat]
2021-12-26 22:36:41.104  INFO 18424 --- [main] org.apache.catalina.core.StandardEngine  : Starting Servlet engine: [Apache Tomcat/9.0.55]
2021-12-26 22:36:41.190  INFO 18424 --- [main] o.a.c.c.C.[Tomcat].[localhost].[/]       : Initializing Spring embedded WebApplicationContext
2021-12-26 22:36:41.191  INFO 18424 --- [main] w.s.c.ServletWebServerApplicationContext : Root WebApplicationContext: initialization completed in 935 ms
2021-12-26 22:36:41.325  INFO 18424 --- [main] o.hibernate.jpa.internal.util.LogHelper  : HHH000204: Processing PersistenceUnitInfo [name: default]
2021-12-26 22:36:41.363  INFO 18424 --- [main] org.hibernate.Version                    : HHH000412: Hibernate ORM core version 5.6.1.Final
2021-12-26 22:36:41.486  INFO 18424 --- [main] o.hibernate.annotations.common.Version   : HCANN000001: Hibernate Commons Annotations {5.1.2.Final}
2021-12-26 22:36:41.563  INFO 18424 --- [main] com.zaxxer.hikari.HikariDataSource       : HikariPool-1 - Starting...
2021-12-26 22:36:42.903  INFO 18424 --- [main] com.zaxxer.hikari.HikariDataSource       : HikariPool-1 - Start completed.
2021-12-26 22:36:42.917  INFO 18424 --- [main] org.hibernate.dialect.Dialect            : HHH000400: Using dialect: org.hibernate.dialect.PostgreSQLDialect
2021-12-26 22:36:43.871  INFO 18424 --- [main] o.h.e.t.j.p.i.JtaPlatformInitiator       : HHH000490: Using JtaPlatform implementation: [org.hibernate.engine.transaction.jta.platform.internal.NoJtaPlatform]
2021-12-26 22:36:43.877  INFO 18424 --- [main] j.LocalContainerEntityManagerFactoryBean : Initialized JPA EntityManagerFactory for persistence unit 'default'
2021-12-26 22:36:43.953  WARN 18424 --- [main] JpaBaseConfiguration$JpaWebConfiguration : spring.jpa.open-in-view is enabled by default. Therefore, database queries may be performed during view rendering. Explicitly configure spring.jpa.open-in-view to disable this warning
2021-12-26 22:36:44.206  INFO 18424 --- [main] o.s.b.w.embedded.tomcat.TomcatWebServer  : Tomcat started on port(s): 8080 (http) with context path ''
2021-12-26 22:36:44.218  INFO 18424 --- [main] c.r.caseclothes.CaseClothesApplication   : Started CaseClothesApplication in 4.273 seconds (JVM running for 4.976)
2021-12-26 22:37:15.872  INFO 18424 --- [RMI TCP Connection(3)-127.0.0.1] inMXBeanRegistrar$SpringApplicationAdmin : Application shutdown requested.
2021-12-26 22:37:15.908  INFO 18424 --- [RMI TCP Connection(3)-127.0.0.1] j.LocalContainerEntityManagerFactoryBean : Closing JPA EntityManagerFactory for persistence unit 'default'
2021-12-26 22:37:15.909  INFO 18424 --- [RMI TCP Connection(3)-127.0.0.1] com.zaxxer.hikari.HikariDataSource       : HikariPool-1 - Shutdown initiated...
2021-12-26 22:37:15.913  INFO 18424 --- [RMI TCP Connection(3)-127.0.0.1] com.zaxxer.hikari.HikariDataSource       : HikariPool-1 - Shutdown completed.
2021-12-26 22:37:18.150  INFO 18160 --- [main] c.r.caseclothes.CaseClothesApplication   : Starting CaseClothesApplication using Java 17 on MSI-Jymm with PID 18160 (D:\Curriculum-211018-Jymm\project-2-Team-Not-Found\case-clothes\target\classes started by jymmm in D:\Curriculum-211018-Jymm\project-2-Team-Not-Found\case-clothes)
2021-12-26 22:37:18.152  INFO 18160 --- [main] c.r.caseclothes.CaseClothesApplication   : No active profile set, falling back to default profiles: default
2021-12-26 22:37:18.590  INFO 18160 --- [main] .s.d.r.c.RepositoryConfigurationDelegate : Bootstrapping Spring Data JPA repositories in DEFAULT mode.
2021-12-26 22:37:18.600  INFO 18160 --- [main] .s.d.r.c.RepositoryConfigurationDelegate : Finished Spring Data repository scanning in 4 ms. Found 0 JPA repository interfaces.
2021-12-26 22:37:18.945  INFO 18160 --- [main] o.s.b.w.embedded.tomcat.TomcatWebServer  : Tomcat initialized with port(s): 8080 (http)
2021-12-26 22:37:18.952  INFO 18160 --- [main] o.apache.catalina.core.StandardService   : Starting service [Tomcat]
2021-12-26 22:37:18.952  INFO 18160 --- [main] org.apache.catalina.core.StandardEngine  : Starting Servlet engine: [Apache Tomcat/9.0.55]
2021-12-26 22:37:19.030  INFO 18160 --- [main] o.a.c.c.C.[Tomcat].[localhost].[/]       : Initializing Spring embedded WebApplicationContext
2021-12-26 22:37:19.030  INFO 18160 --- [main] w.s.c.ServletWebServerApplicationContext : Root WebApplicationContext: initialization completed in 843 ms
2021-12-26 22:37:19.164  INFO 18160 --- [main] o.hibernate.jpa.internal.util.LogHelper  : HHH000204: Processing PersistenceUnitInfo [name: default]
2021-12-26 22:37:19.202  INFO 18160 --- [main] org.hibernate.Version                    : HHH000412: Hibernate ORM core version 5.6.1.Final
2021-12-26 22:37:19.317  INFO 18160 --- [main] o.hibernate.annotations.common.Version   : HCANN000001: Hibernate Commons Annotations {5.1.2.Final}
2021-12-26 22:37:19.395  INFO 18160 --- [main] com.zaxxer.hikari.HikariDataSource       : HikariPool-1 - Starting...
2021-12-26 22:37:20.679  INFO 18160 --- [main] com.zaxxer.hikari.HikariDataSource       : HikariPool-1 - Start completed.
2021-12-26 22:37:20.692  INFO 18160 --- [main] org.hibernate.dialect.Dialect            : HHH000400: Using dialect: org.hibernate.dialect.PostgreSQLDialect
2021-12-26 22:37:21.646  INFO 18160 --- [main] o.h.e.t.j.p.i.JtaPlatformInitiator       : HHH000490: Using JtaPlatform implementation: [org.hibernate.engine.transaction.jta.platform.internal.NoJtaPlatform]
2021-12-26 22:37:21.653  INFO 18160 --- [main] j.LocalContainerEntityManagerFactoryBean : Initialized JPA EntityManagerFactory for persistence unit 'default'
2021-12-26 22:37:21.731  WARN 18160 --- [main] JpaBaseConfiguration$JpaWebConfiguration : spring.jpa.open-in-view is enabled by default. Therefore, database queries may be performed during view rendering. Explicitly configure spring.jpa.open-in-view to disable this warning
2021-12-26 22:37:21.976  INFO 18160 --- [main] o.s.b.w.embedded.tomcat.TomcatWebServer  : Tomcat started on port(s): 8080 (http) with context path ''
2021-12-26 22:37:21.986  INFO 18160 --- [main] c.r.caseclothes.CaseClothesApplication   : Started CaseClothesApplication in 4.093 seconds (JVM running for 4.751)
2021-12-26 22:38:02.337  INFO 18160 --- [RMI TCP Connection(2)-127.0.0.1] inMXBeanRegistrar$SpringApplicationAdmin : Application shutdown requested.
2021-12-26 22:38:02.364  INFO 18160 --- [RMI TCP Connection(2)-127.0.0.1] j.LocalContainerEntityManagerFactoryBean : Closing JPA EntityManagerFactory for persistence unit 'default'
2021-12-26 22:38:02.365  INFO 18160 --- [RMI TCP Connection(2)-127.0.0.1] com.zaxxer.hikari.HikariDataSource       : HikariPool-1 - Shutdown initiated...
2021-12-26 22:38:02.370  INFO 18160 --- [RMI TCP Connection(2)-127.0.0.1] com.zaxxer.hikari.HikariDataSource       : HikariPool-1 - Shutdown completed.
